<?xml version="1.0" encoding="UTF-8"?>
<!-- Generated by org.testng.reporters.JUnitXMLReporter -->
<testsuite hostname="dell-PC" ignored="0" name="Default test" tests="4" failures="0" timestamp="02 Aug 2019 13:51:06 GMT" time="48.488" errors="0">
  <testcase name="TestCheckBox" time="1.478" classname="com.qa.hubspot.test.LoginPageTest"/>
  <testcase name="VerfiyDoLogin" time="1.097" classname="com.qa.hubspot.test.LoginPageTest"/>
  <testcase name="VerfiyLoginPageTitleTest" time="1.353" classname="com.qa.hubspot.test.LoginPageTest"/>
  <testcase name="VerfiySignUpLink" time="1.174" classname="com.qa.hubspot.test.LoginPageTest"/>
</testsuite> <!-- Default test -->
