<?xml version="1.0" encoding="UTF-8"?>
<!-- Generated by org.testng.reporters.JUnitXMLReporter -->
<testsuite hostname="dell-PC" ignored="0" name="hub spot regression test" tests="3" failures="1" timestamp="20 Jul 2019 20:14:50 GMT" time="45.16" errors="0">
  <testcase name="GetPageTitle" time="1.633" classname="com.qa.hubspot.test.LoginPageTestBy"/>
  <testcase name="SignUpLinkTest" time="1.504" classname="com.qa.hubspot.test.LoginPageTestBy"/>
  <testcase name="VerifyDologin" time="1.715" classname="com.qa.hubspot.test.LoginPageTestBy">
    <failure type="java.lang.Error" message="Unresolved compilation problems: 
	driver cannot be resolved or is not a field
	driver cannot be resolved to a variable
	driver cannot be resolved
	driver cannot be resolved to a variable
	driver cannot be resolved to a variable
	driver cannot be resolved to a variable
">
      <![CDATA[java.lang.Error: Unresolved compilation problems: 
driver cannot be resolved or is not a field
driver cannot be resolved to a variable
driver cannot be resolved
driver cannot be resolved to a variable
driver cannot be resolved to a variable
driver cannot be resolved to a variable

at com.qa.HubSpot.Pages.HomePage.<init>(HomePage.java:28)
at com.qa.HubSpot.Pages.LoginPageBy.DoLogin(LoginPageBy.java:48)
at com.qa.hubspot.test.LoginPageTestBy.VerifyDologin(LoginPageTestBy.java:57)
... Removed 25 stack frames]]>
    </failure>
  </testcase> <!-- VerifyDologin -->
</testsuite> <!-- hub spot regression test -->
